<?xml version="1.0" encoding="UTF-8"?>
<testng-results skipped="0" failed="1" total="2" passed="1">
  <reporter-output>
  </reporter-output>
  <suite name="Default suite" duration-ms="36840" started-at="2016-10-12T11:29:42Z" finished-at="2016-10-12T11:30:19Z">
    <groups>
    </groups>
    <test name="Default test" duration-ms="36840" started-at="2016-10-12T11:29:42Z" finished-at="2016-10-12T11:30:19Z">
      <class name="ua.pp.krotov.TestIntegration">
        <test-method status="PASS" signature="setUp()[pri:0, instance:ua.pp.krotov.TestIntegration@6f7fd0e6]" name="setUp" is-config="true" duration-ms="15369" started-at="2016-10-12T14:29:42Z" finished-at="2016-10-12T14:29:57Z">
          <reporter-output>
          </reporter-output>
        </test-method> <!-- setUp -->
        <test-method status="PASS" signature="gotoSeleniumWikiPage()[pri:0, instance:ua.pp.krotov.TestIntegration@6f7fd0e6]" name="gotoSeleniumWikiPage" duration-ms="17346" started-at="2016-10-12T14:29:57Z" finished-at="2016-10-12T14:30:15Z">
          <reporter-output>
          </reporter-output>
        </test-method> <!-- gotoSeleniumWikiPage -->
        <test-method status="FAIL" signature="gotoSeleniumWikiPageFailure()[pri:0, instance:ua.pp.krotov.TestIntegration@6f7fd0e6]" name="gotoSeleniumWikiPageFailure" duration-ms="2750" started-at="2016-10-12T14:30:15Z" finished-at="2016-10-12T14:30:17Z">
          <exception class="java.lang.AssertionError">
            <message>
              <![CDATA[expected [Selenium WebDriver] but found [Selenium]]]>
            </message>
            <full-stacktrace>
              <![CDATA[java.lang.AssertionError: expected [Selenium WebDriver] but found [Selenium]
	at org.testng.Assert.fail(Assert.java:94)
	at org.testng.Assert.failNotEquals(Assert.java:496)
	at org.testng.Assert.assertEquals(Assert.java:125)
	at org.testng.Assert.assertEquals(Assert.java:178)
	at org.testng.Assert.assertEquals(Assert.java:188)
	at ua.pp.krotov.TestIntegration.gotoSeleniumWikiPageFailure(TestIntegration.java:35)
	at sun.reflect.NativeMethodAccessorImpl.invoke0(Native Method)
	at sun.reflect.NativeMethodAccessorImpl.invoke(NativeMethodAccessorImpl.java:62)
	at sun.reflect.DelegatingMethodAccessorImpl.invoke(DelegatingMethodAccessorImpl.java:43)
	at java.lang.reflect.Method.invoke(Method.java:498)
	at org.testng.internal.MethodInvocationHelper.invokeMethod(MethodInvocationHelper.java:85)
	at org.testng.internal.Invoker.invokeMethod(Invoker.java:639)
	at org.testng.internal.Invoker.invokeTestMethod(Invoker.java:821)
	at org.testng.internal.Invoker.invokeTestMethods(Invoker.java:1131)
	at org.testng.internal.TestMethodWorker.invokeTestMethods(TestMethodWorker.java:124)
	at org.testng.internal.TestMethodWorker.run(TestMethodWorker.java:108)
	at org.testng.TestRunner.privateRun(TestRunner.java:773)
	at org.testng.TestRunner.run(TestRunner.java:623)
	at org.testng.SuiteRunner.runTest(SuiteRunner.java:357)
	at org.testng.SuiteRunner.runSequentially(SuiteRunner.java:352)
	at org.testng.SuiteRunner.privateRun(SuiteRunner.java:310)
	at org.testng.SuiteRunner.run(SuiteRunner.java:259)
	at org.testng.SuiteRunnerWorker.runSuite(SuiteRunnerWorker.java:52)
	at org.testng.SuiteRunnerWorker.run(SuiteRunnerWorker.java:86)
	at org.testng.TestNG.runSuitesSequentially(TestNG.java:1185)
	at org.testng.TestNG.runSuitesLocally(TestNG.java:1110)
	at org.testng.TestNG.run(TestNG.java:1018)
	at org.testng.remote.AbstractRemoteTestNG.run(AbstractRemoteTestNG.java:126)
	at org.testng.remote.RemoteTestNG.initAndRun(RemoteTestNG.java:152)
	at org.testng.remote.RemoteTestNG.main(RemoteTestNG.java:57)
]]>
            </full-stacktrace>
          </exception> <!-- java.lang.AssertionError -->
          <reporter-output>
          </reporter-output>
        </test-method> <!-- gotoSeleniumWikiPageFailure -->
        <test-method status="PASS" signature="tearDown()[pri:0, instance:ua.pp.krotov.TestIntegration@6f7fd0e6]" name="tearDown" is-config="true" duration-ms="1280" started-at="2016-10-12T14:30:18Z" finished-at="2016-10-12T14:30:19Z">
          <reporter-output>
          </reporter-output>
        </test-method> <!-- tearDown -->
      </class> <!-- ua.pp.krotov.TestIntegration -->
    </test> <!-- Default test -->
  </suite> <!-- Default suite -->
</testng-results>
